<?xml version="1.0" encoding="UTF-8"?>
<!-- Generated by org.testng.reporters.JUnitXMLReporter -->
<testsuite ignored="0" hostname="DESKTOP-HVLADVB" failures="0" tests="4" name="Default test" time="14.319" errors="0" timestamp="2021-11-18T09:52:44 IST">
  <testcase classname="kaiser.apc.validateNavigationBar" name="validateAppNavBar" time="0.079"/>
  <testcase classname="kaiser.apc.HomePage" name="basePageNavigation" time="3.96"/>
  <testcase classname="kaiser.apc.HomePage" name="basePageNavigation" time="1.919"/>
  <testcase classname="kaiser.apc.validateTitle" name="validateAppTitle" time="0.028"/>
</testsuite> <!-- Default test -->
