<?xml version="1.0" encoding="UTF-8"?>
<!-- Generated by org.testng.reporters.JUnitXMLReporter -->
<testsuite ignored="0" hostname="DESKTOP-HVLADVB" failures="0" tests="4" name="Default test" time="13.288" errors="0" timestamp="2021-11-12T09:07:41 IST">
  <testcase classname="Academy.HomePage" name="basePageNavigation" time="2.473"/>
  <testcase classname="Academy.HomePage" name="basePageNavigation" time="1.932"/>
  <testcase classname="Academy.validateTitle" name="validateAppTitle" time="0.048"/>
  <testcase classname="Academy.validateNavigationBar" name="validateAppNavBar" time="0.079"/>
</testsuite> <!-- Default test -->
