<?xml version="1.0" encoding="UTF-8"?>
<!-- Generated by org.testng.reporters.JUnitXMLReporter -->
<testsuite ignored="0" hostname="DESKTOP-HVLADVB" failures="0" tests="5" name="Test" time="12.949" errors="0" timestamp="2021-11-18T10:25:55 IST">
  <testcase classname="kaiser.apc.AppTest" name="testApp" time="0.011"/>
  <testcase classname="kaiser.apc.validateTitle" name="validateAppTitle" time="0.048"/>
  <testcase classname="kaiser.apc.HomePage" name="basePageNavigation" time="2.844"/>
  <testcase classname="kaiser.apc.HomePage" name="basePageNavigation" time="2.006"/>
  <testcase classname="kaiser.apc.validateNavigationBar" name="validateAppNavBar" time="0.101"/>
</testsuite> <!-- Test -->
