<?xml version="1.0" encoding="UTF-8"?>
<!-- Generated by org.testng.reporters.JUnitXMLReporter -->
<testsuite ignored="0" hostname="DESKTOP-HVLADVB" failures="0" tests="4" name="Test" time="11.646" errors="0" timestamp="2021-11-18T09:49:18 IST">
  <testcase classname="kaiser.apc.validateTitle" name="validateAppTitle" time="0.053"/>
  <testcase classname="kaiser.apc.HomePage" name="basePageNavigation" time="2.559"/>
  <testcase classname="kaiser.apc.HomePage" name="basePageNavigation" time="1.803"/>
  <testcase classname="kaiser.apc.validateNavigationBar" name="validateAppNavBar" time="0.077"/>
</testsuite> <!-- Test -->
