<?xml version="1.0" encoding="UTF-8"?>
<testng-results ignored="0" total="4" passed="4" failed="0" skipped="0">
  <reporter-output>
  </reporter-output>
  <suite started-at="2021-11-12T09:07:27 IST" name="Default suite" finished-at="2021-11-12T09:07:41 IST" duration-ms="13288">
    <groups>
    </groups>
    <test started-at="2021-11-12T09:07:27 IST" name="Default test" finished-at="2021-11-12T09:07:41 IST" duration-ms="13288">
      <class name="Academy.validateTitle">
        <test-method is-config="true" signature="initialize()[pri:0, instance:Academy.validateTitle@2f4854d6]" started-at="2021-11-12T09:07:33 IST" name="initialize" finished-at="2021-11-12T09:07:36 IST" duration-ms="3072" status="PASS">
          <reporter-output>
          </reporter-output>
        </test-method> <!-- initialize -->
        <test-method signature="validateAppTitle()[pri:0, instance:Academy.validateTitle@2f4854d6]" started-at="2021-11-12T09:07:40 IST" name="validateAppTitle" finished-at="2021-11-12T09:07:40 IST" duration-ms="48" status="PASS">
          <reporter-output>
          </reporter-output>
        </test-method> <!-- validateAppTitle -->
        <test-method is-config="true" signature="teardown()[pri:0, instance:Academy.validateTitle@2f4854d6]" started-at="2021-11-12T09:07:40 IST" name="teardown" finished-at="2021-11-12T09:07:41 IST" duration-ms="172" status="PASS">
          <reporter-output>
          </reporter-output>
        </test-method> <!-- teardown -->
      </class> <!-- Academy.validateTitle -->
      <class name="Academy.HomePage">
        <test-method is-config="true" signature="initialize()[pri:0, instance:Academy.HomePage@4e4efc1b]" started-at="2021-11-12T09:07:27 IST" name="initialize" finished-at="2021-11-12T09:07:30 IST" duration-ms="2446" status="PASS">
          <reporter-output>
          </reporter-output>
        </test-method> <!-- initialize -->
        <test-method signature="basePageNavigation(java.lang.String,java.lang.String,java.lang.String)[pri:0, instance:Academy.HomePage@4e4efc1b]" started-at="2021-11-12T09:07:36 IST" name="basePageNavigation" data-provider="getData" finished-at="2021-11-12T09:07:38 IST" duration-ms="2473" status="PASS">
          <params>
            <param index="0">
              <value>
                <![CDATA[nonrestricteduser@qw.com]]>
              </value>
            </param>
            <param index="1">
              <value>
                <![CDATA[123456]]>
              </value>
            </param>
            <param index="2">
              <value>
                <![CDATA[Restrcited User]]>
              </value>
            </param>
          </params>
          <reporter-output>
          </reporter-output>
        </test-method> <!-- basePageNavigation -->
        <test-method signature="basePageNavigation(java.lang.String,java.lang.String,java.lang.String)[pri:0, instance:Academy.HomePage@4e4efc1b]" started-at="2021-11-12T09:07:38 IST" name="basePageNavigation" data-provider="getData" finished-at="2021-11-12T09:07:40 IST" duration-ms="1932" status="PASS">
          <params>
            <param index="0">
              <value>
                <![CDATA[restricteduser@qw.com]]>
              </value>
            </param>
            <param index="1">
              <value>
                <![CDATA[456788]]>
              </value>
            </param>
            <param index="2">
              <value>
                <![CDATA[Non restricted user]]>
              </value>
            </param>
          </params>
          <reporter-output>
          </reporter-output>
        </test-method> <!-- basePageNavigation -->
        <test-method is-config="true" signature="teardown()[pri:0, instance:Academy.HomePage@4e4efc1b]" started-at="2021-11-12T09:07:40 IST" name="teardown" finished-at="2021-11-12T09:07:40 IST" duration-ms="111" status="PASS">
          <reporter-output>
          </reporter-output>
        </test-method> <!-- teardown -->
      </class> <!-- Academy.HomePage -->
      <class name="Academy.validateNavigationBar">
        <test-method is-config="true" signature="initialize()[pri:0, instance:Academy.validateNavigationBar@61d9efe0]" started-at="2021-11-12T09:07:30 IST" name="initialize" finished-at="2021-11-12T09:07:33 IST" duration-ms="2780" status="PASS">
          <reporter-output>
          </reporter-output>
        </test-method> <!-- initialize -->
        <test-method signature="validateAppNavBar()[pri:0, instance:Academy.validateNavigationBar@61d9efe0]" started-at="2021-11-12T09:07:40 IST" name="validateAppNavBar" finished-at="2021-11-12T09:07:40 IST" duration-ms="79" status="PASS">
          <reporter-output>
          </reporter-output>
        </test-method> <!-- validateAppNavBar -->
        <test-method is-config="true" signature="teardown()[pri:0, instance:Academy.validateNavigationBar@61d9efe0]" started-at="2021-11-12T09:07:40 IST" name="teardown" finished-at="2021-11-12T09:07:40 IST" duration-ms="126" status="PASS">
          <reporter-output>
          </reporter-output>
        </test-method> <!-- teardown -->
      </class> <!-- Academy.validateNavigationBar -->
    </test> <!-- Default test -->
  </suite> <!-- Default suite -->
</testng-results>
